2014-04-03 11:31:34+0800 [scrapy] INFO: Scrapy 0.22.2 started (bot: Eagle)
2014-04-03 11:31:34+0800 [scrapy] INFO: Optional features available: ssl, http11, django
2014-04-03 11:31:34+0800 [scrapy] INFO: Overridden settings: {'NEWSPIDER_MODULE': 'Eagle.spiders', 'FEED_URI': 'items/Eagle/blackspider/72ee88b8bae011e389f0b8e856284680.jl', 'LOG_LEVEL': 'INFO', 'SPIDER_MODULES': ['Eagle.spiders'], 'BOT_NAME': 'Eagle', 'LOG_FILE': 'logs/Eagle/blackspider/72ee88b8bae011e389f0b8e856284680.log'}
2014-04-03 11:31:34+0800 [scrapy] INFO: Enabled extensions: FeedExporter, LogStats, TelnetConsole, CloseSpider, WebService, CoreStats, SpiderState
2014-04-03 11:31:34+0800 [scrapy] INFO: Enabled downloader middlewares: HttpAuthMiddleware, DownloadTimeoutMiddleware, UserAgentMiddleware, RetryMiddleware, DefaultHeadersMiddleware, MetaRefreshMiddleware, HttpCompressionMiddleware, RedirectMiddleware, CookiesMiddleware, ChunkedTransferMiddleware, DownloaderStats
2014-04-03 11:31:34+0800 [scrapy] INFO: Enabled spider middlewares: HttpErrorMiddleware, OffsiteMiddleware, RefererMiddleware, UrlLengthMiddleware, DepthMiddleware
2014-04-03 11:31:34+0800 [scrapy] INFO: Enabled item pipelines: FilterPipeline, SaveItemPipeline
2014-04-03 11:31:34+0800 [blackspider] INFO: Spider opened
2014-04-03 11:31:34+0800 [blackspider] INFO: Crawled 0 pages (at 0 pages/min), scraped 0 items (at 0 items/min)
2014-04-03 11:31:36+0800 [scrapy] INFO: ------------------
2014-04-03 11:31:36+0800 [scrapy] INFO: -----------------procesing item------------------
2014-04-03 11:31:36+0800 [blackspider] INFO: Closing spider (finished)
2014-04-03 11:31:36+0800 [blackspider] INFO: Stored jsonlines feed (1 items) in: items/Eagle/blackspider/72ee88b8bae011e389f0b8e856284680.jl
2014-04-03 11:31:36+0800 [blackspider] INFO: Dumping Scrapy stats:
	{'downloader/request_bytes': 214,
	 'downloader/request_count': 1,
	 'downloader/request_method_count/GET': 1,
	 'downloader/response_bytes': 113147,
	 'downloader/response_count': 1,
	 'downloader/response_status_count/200': 1,
	 'finish_reason': 'finished',
	 'finish_time': datetime.datetime(2014, 4, 3, 3, 31, 36, 234397),
	 'item_scraped_count': 1,
	 'log_count/INFO': 10,
	 'response_received_count': 1,
	 'scheduler/dequeued': 1,
	 'scheduler/dequeued/memory': 1,
	 'scheduler/enqueued': 1,
	 'scheduler/enqueued/memory': 1,
	 'start_time': datetime.datetime(2014, 4, 3, 3, 31, 34, 873100)}
2014-04-03 11:31:36+0800 [blackspider] INFO: Spider closed (finished)
